<?xml version="1.0" encoding="UTF-8"?>
<testng-results skipped="0" failed="0" total="1" passed="1">
  <reporter-output>
  </reporter-output>
  <suite name="Default suite" duration-ms="71514" started-at="2017-11-30T12:46:46Z" finished-at="2017-11-30T12:47:57Z">
    <groups>
    </groups>
    <test name="Default test" duration-ms="71514" started-at="2017-11-30T12:46:46Z" finished-at="2017-11-30T12:47:57Z">
      <class name="Testcases.TestcaseSelfEmployedBusiness">
        <test-method status="PASS" signature="Instance()[pri:0, instance:Testcases.TestcaseSelfEmployedBusiness@adede5]" name="Instance" is-config="true" duration-ms="523" started-at="2017-11-30T18:16:45Z" finished-at="2017-11-30T18:16:46Z">
          <reporter-output>
          </reporter-output>
        </test-method> <!-- Instance -->
        <test-method status="PASS" signature="beforeMethod()[pri:0, instance:Testcases.TestcaseSelfEmployedBusiness@adede5]" name="beforeMethod" is-config="true" duration-ms="37057" started-at="2017-11-30T18:16:47Z" finished-at="2017-11-30T18:17:24Z">
          <reporter-output>
          </reporter-output>
        </test-method> <!-- beforeMethod -->
        <test-method status="PASS" signature="init(java.lang.String, java.lang.String, java.lang.String, java.lang.String, java.lang.String, java.lang.String, java.lang.String, java.lang.String, java.lang.String, java.lang.String, java.lang.String, java.lang.String, java.lang.String, java.lang.String, java.lang.String, java.lang.String, java.lang.String, java.lang.String, java.lang.String)[pri:2, instance:Testcases.TestcaseSelfEmployedBusiness@adede5]" name="init" duration-ms="32274" started-at="2017-11-30T18:17:24Z" data-provider="getData" finished-at="2017-11-30T18:17:56Z">
          <params>
            <param index="0">
              <value>
                <![CDATA[Chennai]]>
              </value>
            </param>
            <param index="1">
              <value>
                <![CDATA[TestUserRamesh]]>
              </value>
            </param>
            <param index="2">
              <value>
                <![CDATA[ravi]]>
              </value>
            </param>
            <param index="3">
              <value>
                <![CDATA[09/11/1988]]>
              </value>
            </param>
            <param index="4">
              <value>
                <![CDATA[BTM7898AA6]]>
              </value>
            </param>
            <param index="5">
              <value>
                <![CDATA[Chennai]]>
              </value>
            </param>
            <param index="6">
              <value>
                <![CDATA[Self Employed Business]]>
              </value>
            </param>
            <param index="7">
              <value>
                <![CDATA[Proprietor]]>
              </value>
            </param>
            <param index="8">
              <value>
                <![CDATA[20/11/2002]]>
              </value>
            </param>
            <param index="9">
              <value>
                <![CDATA[400000]]>
              </value>
            </param>
            <param index="10">
              <value>
                <![CDATA[0]]>
              </value>
            </param>
            <param index="11">
              <value>
                <![CDATA[Home Loan - Property Identified]]>
              </value>
            </param>
            <param index="12">
              <value>
                <![CDATA[Purchase of ready to Move in property]]>
              </value>
            </param>
            <param index="13">
              <value>
                <![CDATA[Chennai]]>
              </value>
            </param>
            <param index="14">
              <value>
                <![CDATA[ABC Builder]]>
              </value>
            </param>
            <param index="15">
              <value>
                <![CDATA[ABC Project]]>
              </value>
            </param>
            <param index="16">
              <value>
                <![CDATA[5000000]]>
              </value>
            </param>
            <param index="17">
              <value>
                <![CDATA[TestuserRamesh@gmail.com]]>
              </value>
            </param>
            <param index="18">
              <value>
                <![CDATA[8878656789]]>
              </value>
            </param>
          </params>
          <reporter-output>
          </reporter-output>
        </test-method> <!-- init -->
        <test-method status="PASS" signature="tear()[pri:0, instance:Testcases.TestcaseSelfEmployedBusiness@adede5]" name="tear" is-config="true" duration-ms="791" started-at="2017-11-30T18:17:56Z" finished-at="2017-11-30T18:17:57Z">
          <reporter-output>
          </reporter-output>
        </test-method> <!-- tear -->
        <test-method status="PASS" signature="afterTest()[pri:0, instance:Testcases.TestcaseSelfEmployedBusiness@adede5]" name="afterTest" is-config="true" duration-ms="1" started-at="2017-11-30T18:17:57Z" finished-at="2017-11-30T18:17:57Z">
          <reporter-output>
          </reporter-output>
        </test-method> <!-- afterTest -->
      </class> <!-- Testcases.TestcaseSelfEmployedBusiness -->
    </test> <!-- Default test -->
  </suite> <!-- Default suite -->
</testng-results>
